android/app/build/intermediates/manifest_merge_blame_file/debug/manifest-merger-blame-debug-report.txt
1<?xml version="1.0" encoding="utf-8"?>
2<manifest xmlns:android="http://schemas.android.com/apk/res/android"
3    package="com.screen"
4    android:versionCode="1"
5    android:versionName="1.0" >
6
7    <uses-sdk
8        android:minSdkVersion="21"
9        android:targetSdkVersion="31" />
10
11    <uses-permission android:name="android.permission.SYSTEM_ALERT_WINDOW" />
11-->src\debug\AndroidManifest.xml:5:5-77
11-->src\debug\AndroidManifest.xml:5:22-75
12    <uses-permission android:name="android.permission.INTERNET" />
12-->src\main\AndroidManifest.xml:4:5-67
12-->src\main\AndroidManifest.xml:4:22-64
13    <uses-permission android:name="android.permission.ACCESS_WIFI_STATE" />
13-->[com.facebook.flipper:flipper:0.125.0] AndroidManifest.xml:16:5-76
13-->[com.facebook.flipper:flipper:0.125.0] AndroidManifest.xml:16:22-73
14    <uses-permission android:name="android.permission.WAKE_LOCK" />
14-->[:react-native-firebase_auth] AndroidManifest.xml:10:5-68
14-->[:react-native-firebase_auth] AndroidManifest.xml:10:22-65
15    <uses-permission android:name="android.permission.ACCESS_NETWORK_STATE" />
15-->[:react-native-firebase_auth] AndroidManifest.xml:11:5-79
15-->[:react-native-firebase_auth] AndroidManifest.xml:11:22-76
16    <uses-permission android:name="com.google.android.gms.permission.AD_ID" />
16-->[com.google.android.gms:play-services-measurement-api:21.2.0] AndroidManifest.xml:25:5-79
16-->[com.google.android.gms:play-services-measurement-api:21.2.0] AndroidManifest.xml:25:22-76
17    <uses-permission android:name="com.google.android.finsky.permission.BIND_GET_INSTALL_REFERRER_SERVICE" />
17-->[com.google.android.gms:play-services-measurement:21.2.0] AndroidManifest.xml:26:5-110
17-->[com.google.android.gms:play-services-measurement:21.2.0] AndroidManifest.xml:26:22-107
18
19    <application
19-->src\main\AndroidManifest.xml:6:5-25:19
20        android:name="com.screen.MainApplication"
20-->src\main\AndroidManifest.xml:7:7-38
21        android:allowBackup="false"
21-->src\main\AndroidManifest.xml:11:7-34
22        android:appComponentFactory="androidx.core.app.CoreComponentFactory"
22-->[androidx.core:core:1.7.0] AndroidManifest.xml:24:18-86
23        android:debuggable="true"
24        android:icon="@mipmap/ic_launcher"
24-->src\main\AndroidManifest.xml:9:7-41
25        android:label="@string/app_name"
25-->src\main\AndroidManifest.xml:8:7-39
26        android:roundIcon="@mipmap/ic_launcher_round"
26-->src\main\AndroidManifest.xml:10:7-52
27        android:theme="@style/AppTheme"
27-->src\main\AndroidManifest.xml:12:7-38
28        android:usesCleartextTraffic="true" >
28-->src\debug\AndroidManifest.xml:8:9-44
29        <activity
29-->src\debug\AndroidManifest.xml:11:9-111
30            android:name="com.facebook.react.devsupport.DevSettingsActivity"
30-->src\debug\AndroidManifest.xml:11:19-83
31            android:exported="false" />
31-->src\debug\AndroidManifest.xml:11:84-108
32        <activity
32-->src\main\AndroidManifest.xml:13:7-24:18
33            android:name="com.screen.MainActivity"
33-->src\main\AndroidManifest.xml:14:9-37
34            android:configChanges="keyboard|keyboardHidden|orientation|screenLayout|screenSize|smallestScreenSize|uiMode"
34-->src\main\AndroidManifest.xml:16:9-118
35            android:exported="true"
35-->src\main\AndroidManifest.xml:19:9-32
36            android:label="@string/app_name"
36-->src\main\AndroidManifest.xml:15:9-41
37            android:launchMode="singleTask"
37-->src\main\AndroidManifest.xml:17:9-40
38            android:windowSoftInputMode="adjustResize" >
38-->src\main\AndroidManifest.xml:18:9-51
39            <intent-filter>
39-->src\main\AndroidManifest.xml:20:9-23:25
40                <action android:name="android.intent.action.MAIN" />
40-->src\main\AndroidManifest.xml:21:13-65
40-->src\main\AndroidManifest.xml:21:21-62
41
42                <category android:name="android.intent.category.LAUNCHER" />
42-->src\main\AndroidManifest.xml:22:13-73
42-->src\main\AndroidManifest.xml:22:23-70
43            </intent-filter>
44        </activity>
45
46        <meta-data
46-->[:react-native-firebase_app] AndroidManifest.xml:11:9-13:36
47            android:name="app_data_collection_default_enabled"
47-->[:react-native-firebase_app] AndroidManifest.xml:12:13-63
48            android:value="true" />
48-->[:react-native-firebase_app] AndroidManifest.xml:13:13-33
49
50        <service
50-->[:react-native-firebase_app] AndroidManifest.xml:15:9-23:19
51            android:name="com.google.firebase.components.ComponentDiscoveryService"
51-->[:react-native-firebase_app] AndroidManifest.xml:16:13-84
52            android:directBootAware="true"
52-->[:react-native-firebase_app] AndroidManifest.xml:17:13-43
53            android:exported="false" >
53-->[:react-native-firebase_app] AndroidManifest.xml:18:13-37
54            <meta-data
54-->[:react-native-firebase_app] AndroidManifest.xml:20:13-22:85
55                android:name="com.google.firebase.components:io.invertase.firebase.app.ReactNativeFirebaseAppRegistrar"
55-->[:react-native-firebase_app] AndroidManifest.xml:21:17-120
56                android:value="com.google.firebase.components.ComponentRegistrar" />
56-->[:react-native-firebase_app] AndroidManifest.xml:22:17-82
57            <meta-data
57-->[com.google.firebase:firebase-auth:21.1.0] AndroidManifest.xml:67:13-69:85
58                android:name="com.google.firebase.components:com.google.firebase.auth.FirebaseAuthRegistrar"
58-->[com.google.firebase:firebase-auth:21.1.0] AndroidManifest.xml:68:17-109
59                android:value="com.google.firebase.components.ComponentRegistrar" />
59-->[com.google.firebase:firebase-auth:21.1.0] AndroidManifest.xml:69:17-82
60            <meta-data
60-->[com.google.firebase:firebase-database:20.1.0] AndroidManifest.xml:31:13-33:85
61                android:name="com.google.firebase.components:com.google.firebase.database.DatabaseRegistrar"
61-->[com.google.firebase:firebase-database:20.1.0] AndroidManifest.xml:32:17-109
62                android:value="com.google.firebase.components.ComponentRegistrar" />
62-->[com.google.firebase:firebase-database:20.1.0] AndroidManifest.xml:33:17-82
63            <meta-data
63-->[com.google.android.gms:play-services-measurement-api:21.2.0] AndroidManifest.xml:31:13-33:85
64                android:name="com.google.firebase.components:com.google.firebase.analytics.connector.internal.AnalyticsConnectorRegistrar"
64-->[com.google.android.gms:play-services-measurement-api:21.2.0] AndroidManifest.xml:32:17-139
65                android:value="com.google.firebase.components.ComponentRegistrar" />
65-->[com.google.android.gms:play-services-measurement-api:21.2.0] AndroidManifest.xml:33:17-82
66            <meta-data
66-->[com.google.firebase:firebase-installations:17.1.0] AndroidManifest.xml:17:13-19:85
67                android:name="com.google.firebase.components:com.google.firebase.installations.FirebaseInstallationsRegistrar"
67-->[com.google.firebase:firebase-installations:17.1.0] AndroidManifest.xml:18:17-127
68                android:value="com.google.firebase.components.ComponentRegistrar" />
68-->[com.google.firebase:firebase-installations:17.1.0] AndroidManifest.xml:19:17-82
69        </service>
70
71        <provider
71-->[:react-native-firebase_app] AndroidManifest.xml:25:9-29:38
72            android:name="io.invertase.firebase.app.ReactNativeFirebaseAppInitProvider"
72-->[:react-native-firebase_app] AndroidManifest.xml:26:13-88
73            android:authorities="com.screen.reactnativefirebaseappinitprovider"
73-->[:react-native-firebase_app] AndroidManifest.xml:27:13-86
74            android:exported="false"
74-->[:react-native-firebase_app] AndroidManifest.xml:28:13-37
75            android:initOrder="99" />
75-->[:react-native-firebase_app] AndroidManifest.xml:29:13-35
76
77        <activity
77-->[com.google.firebase:firebase-auth:21.1.0] AndroidManifest.xml:27:9-44:20
78            android:name="com.google.firebase.auth.internal.GenericIdpActivity"
78-->[com.google.firebase:firebase-auth:21.1.0] AndroidManifest.xml:28:13-80
79            android:excludeFromRecents="true"
79-->[com.google.firebase:firebase-auth:21.1.0] AndroidManifest.xml:29:13-46
80            android:exported="true"
80-->[com.google.firebase:firebase-auth:21.1.0] AndroidManifest.xml:30:13-36
81            android:launchMode="singleTask"
81-->[com.google.firebase:firebase-auth:21.1.0] AndroidManifest.xml:31:13-44
82            android:theme="@android:style/Theme.Translucent.NoTitleBar" >
82-->[com.google.firebase:firebase-auth:21.1.0] AndroidManifest.xml:32:13-72
83            <intent-filter>
83-->[com.google.firebase:firebase-auth:21.1.0] AndroidManifest.xml:33:13-43:29
84                <action android:name="android.intent.action.VIEW" />
84-->[com.google.firebase:firebase-auth:21.1.0] AndroidManifest.xml:34:17-69
84-->[com.google.firebase:firebase-auth:21.1.0] AndroidManifest.xml:34:25-66
85
86                <category android:name="android.intent.category.DEFAULT" />
86-->[com.google.firebase:firebase-auth:21.1.0] AndroidManifest.xml:36:17-76
86-->[com.google.firebase:firebase-auth:21.1.0] AndroidManifest.xml:36:27-73
87                <category android:name="android.intent.category.BROWSABLE" />
87-->[com.google.firebase:firebase-auth:21.1.0] AndroidManifest.xml:37:17-78
87-->[com.google.firebase:firebase-auth:21.1.0] AndroidManifest.xml:37:27-75
88
89                <data
89-->[com.google.firebase:firebase-auth:21.1.0] AndroidManifest.xml:39:17-42:51
90                    android:host="firebase.auth"
90-->[com.google.firebase:firebase-auth:21.1.0] AndroidManifest.xml:40:21-49
91                    android:path="/"
91-->[com.google.firebase:firebase-auth:21.1.0] AndroidManifest.xml:41:21-37
92                    android:scheme="genericidp" />
92-->[com.google.firebase:firebase-auth:21.1.0] AndroidManifest.xml:42:21-48
93            </intent-filter>
94        </activity>
95        <activity
95-->[com.google.firebase:firebase-auth:21.1.0] AndroidManifest.xml:45:9-62:20
96            android:name="com.google.firebase.auth.internal.RecaptchaActivity"
96-->[com.google.firebase:firebase-auth:21.1.0] AndroidManifest.xml:46:13-79
97            android:excludeFromRecents="true"
97-->[com.google.firebase:firebase-auth:21.1.0] AndroidManifest.xml:47:13-46
98            android:exported="true"
98-->[com.google.firebase:firebase-auth:21.1.0] AndroidManifest.xml:48:13-36
99            android:launchMode="singleTask"
99-->[com.google.firebase:firebase-auth:21.1.0] AndroidManifest.xml:49:13-44
100            android:theme="@android:style/Theme.Translucent.NoTitleBar" >
100-->[com.google.firebase:firebase-auth:21.1.0] AndroidManifest.xml:50:13-72
101            <intent-filter>
101-->[com.google.firebase:firebase-auth:21.1.0] AndroidManifest.xml:51:13-61:29
102                <action android:name="android.intent.action.VIEW" />
102-->[com.google.firebase:firebase-auth:21.1.0] AndroidManifest.xml:34:17-69
102-->[com.google.firebase:firebase-auth:21.1.0] AndroidManifest.xml:34:25-66
103
104                <category android:name="android.intent.category.DEFAULT" />
104-->[com.google.firebase:firebase-auth:21.1.0] AndroidManifest.xml:36:17-76
104-->[com.google.firebase:firebase-auth:21.1.0] AndroidManifest.xml:36:27-73
105                <category android:name="android.intent.category.BROWSABLE" />
105-->[com.google.firebase:firebase-auth:21.1.0] AndroidManifest.xml:37:17-78
105-->[com.google.firebase:firebase-auth:21.1.0] AndroidManifest.xml:37:27-75
106
107                <data
107-->[com.google.firebase:firebase-auth:21.1.0] AndroidManifest.xml:39:17-42:51
108                    android:host="firebase.auth"
108-->[com.google.firebase:firebase-auth:21.1.0] AndroidManifest.xml:40:21-49
109                    android:path="/"
109-->[com.google.firebase:firebase-auth:21.1.0] AndroidManifest.xml:41:21-37
110                    android:scheme="recaptcha" />
110-->[com.google.firebase:firebase-auth:21.1.0] AndroidManifest.xml:42:21-48
111            </intent-filter>
112        </activity>
113
114        <provider
114-->[com.google.firebase:firebase-common:20.2.0] AndroidManifest.xml:25:9-30:39
115            android:name="com.google.firebase.provider.FirebaseInitProvider"
115-->[com.google.firebase:firebase-common:20.2.0] AndroidManifest.xml:26:13-77
116            android:authorities="com.screen.firebaseinitprovider"
116-->[com.google.firebase:firebase-common:20.2.0] AndroidManifest.xml:27:13-72
117            android:directBootAware="true"
117-->[com.google.firebase:firebase-common:20.2.0] AndroidManifest.xml:28:13-43
118            android:exported="false"
118-->[com.google.firebase:firebase-common:20.2.0] AndroidManifest.xml:29:13-37
119            android:initOrder="100" />
119-->[com.google.firebase:firebase-common:20.2.0] AndroidManifest.xml:30:13-36
120
121        <activity
121-->[com.google.android.gms:play-services-auth:20.3.0] AndroidManifest.xml:23:9-27:75
122            android:name="com.google.android.gms.auth.api.signin.internal.SignInHubActivity"
122-->[com.google.android.gms:play-services-auth:20.3.0] AndroidManifest.xml:24:13-93
123            android:excludeFromRecents="true"
123-->[com.google.android.gms:play-services-auth:20.3.0] AndroidManifest.xml:25:13-46
124            android:exported="false"
124-->[com.google.android.gms:play-services-auth:20.3.0] AndroidManifest.xml:26:13-37
125            android:theme="@android:style/Theme.Translucent.NoTitleBar" />
125-->[com.google.android.gms:play-services-auth:20.3.0] AndroidManifest.xml:27:13-72
126        <!--
127            Service handling Google Sign-In user revocation. For apps that do not integrate with
128            Google Sign-In, this service will never be started.
129        -->
130        <service
130-->[com.google.android.gms:play-services-auth:20.3.0] AndroidManifest.xml:33:9-37:51
131            android:name="com.google.android.gms.auth.api.signin.RevocationBoundService"
131-->[com.google.android.gms:play-services-auth:20.3.0] AndroidManifest.xml:34:13-89
132            android:exported="true"
132-->[com.google.android.gms:play-services-auth:20.3.0] AndroidManifest.xml:35:13-36
133            android:permission="com.google.android.gms.auth.api.signin.permission.REVOCATION_NOTIFICATION"
133-->[com.google.android.gms:play-services-auth:20.3.0] AndroidManifest.xml:36:13-107
134            android:visibleToInstantApps="true" />
134-->[com.google.android.gms:play-services-auth:20.3.0] AndroidManifest.xml:37:13-48
135
136        <activity
136-->[com.google.android.gms:play-services-base:18.0.1] AndroidManifest.xml:20:9-22:45
137            android:name="com.google.android.gms.common.api.GoogleApiActivity"
137-->[com.google.android.gms:play-services-base:18.0.1] AndroidManifest.xml:20:19-85
138            android:exported="false"
138-->[com.google.android.gms:play-services-base:18.0.1] AndroidManifest.xml:22:19-43
139            android:theme="@android:style/Theme.Translucent.NoTitleBar" />
139-->[com.google.android.gms:play-services-base:18.0.1] AndroidManifest.xml:21:19-78
140
141        <receiver
141-->[com.google.android.gms:play-services-measurement:21.2.0] AndroidManifest.xml:29:9-33:20
142            android:name="com.google.android.gms.measurement.AppMeasurementReceiver"
142-->[com.google.android.gms:play-services-measurement:21.2.0] AndroidManifest.xml:30:13-85
143            android:enabled="true"
143-->[com.google.android.gms:play-services-measurement:21.2.0] AndroidManifest.xml:31:13-35
144            android:exported="false" >
144-->[com.google.android.gms:play-services-measurement:21.2.0] AndroidManifest.xml:32:13-37
145        </receiver>
146
147        <service
147-->[com.google.android.gms:play-services-measurement:21.2.0] AndroidManifest.xml:35:9-38:40
148            android:name="com.google.android.gms.measurement.AppMeasurementService"
148-->[com.google.android.gms:play-services-measurement:21.2.0] AndroidManifest.xml:36:13-84
149            android:enabled="true"
149-->[com.google.android.gms:play-services-measurement:21.2.0] AndroidManifest.xml:37:13-35
150            android:exported="false" />
150-->[com.google.android.gms:play-services-measurement:21.2.0] AndroidManifest.xml:38:13-37
151        <service
151-->[com.google.android.gms:play-services-measurement:21.2.0] AndroidManifest.xml:39:9-43:72
152            android:name="com.google.android.gms.measurement.AppMeasurementJobService"
152-->[com.google.android.gms:play-services-measurement:21.2.0] AndroidManifest.xml:40:13-87
153            android:enabled="true"
153-->[com.google.android.gms:play-services-measurement:21.2.0] AndroidManifest.xml:41:13-35
154            android:exported="false"
154-->[com.google.android.gms:play-services-measurement:21.2.0] AndroidManifest.xml:42:13-37
155            android:permission="android.permission.BIND_JOB_SERVICE" />
155-->[com.google.android.gms:play-services-measurement:21.2.0] AndroidManifest.xml:43:13-69
156
157        <meta-data
157-->[com.google.android.gms:play-services-basement:18.1.0] AndroidManifest.xml:21:9-23:69
158            android:name="com.google.android.gms.version"
158-->[com.google.android.gms:play-services-basement:18.1.0] AndroidManifest.xml:22:13-58
159            android:value="@integer/google_play_services_version" />
159-->[com.google.android.gms:play-services-basement:18.1.0] AndroidManifest.xml:23:13-66
160
161        <provider
161-->[androidx.emoji2:emoji2:1.0.0] AndroidManifest.xml:26:9-34:20
162            android:name="androidx.startup.InitializationProvider"
162-->[androidx.emoji2:emoji2:1.0.0] AndroidManifest.xml:27:13-67
163            android:authorities="com.screen.androidx-startup"
163-->[androidx.emoji2:emoji2:1.0.0] AndroidManifest.xml:28:13-68
164            android:exported="false" >
164-->[androidx.emoji2:emoji2:1.0.0] AndroidManifest.xml:29:13-37
165            <meta-data
165-->[androidx.emoji2:emoji2:1.0.0] AndroidManifest.xml:31:13-33:52
166                android:name="androidx.emoji2.text.EmojiCompatInitializer"
166-->[androidx.emoji2:emoji2:1.0.0] AndroidManifest.xml:32:17-75
167                android:value="androidx.startup" />
167-->[androidx.emoji2:emoji2:1.0.0] AndroidManifest.xml:33:17-49
168            <meta-data
168-->[androidx.lifecycle:lifecycle-process:2.4.0] AndroidManifest.xml:31:13-33:52
169                android:name="androidx.lifecycle.ProcessLifecycleInitializer"
169-->[androidx.lifecycle:lifecycle-process:2.4.0] AndroidManifest.xml:32:17-78
170                android:value="androidx.startup" />
170-->[androidx.lifecycle:lifecycle-process:2.4.0] AndroidManifest.xml:33:17-49
171        </provider>
172    </application>
173
174</manifest>